[2024-02-28T09:55:38.250+0000] {logging_mixin.py:151} INFO - Changing /opt/***/logs/dag_id=***-spark-cassandra-project/run_id=scheduled__2024-02-27T09:55:08.149800+00:00/task_id=get_data_from_api permission to 509
[2024-02-28T09:55:38.321+0000] {logging_mixin.py:151} INFO - Changing /opt/***/logs/dag_id=***-spark-cassandra-project/run_id=scheduled__2024-02-27T09:55:08.149800+00:00/task_id=get_data_from_api permission to 509
[2024-02-28T09:55:38.443+0000] {taskinstance.py:1159} INFO - Dependencies all met for dep_context=non-requeueable deps ti=<TaskInstance: airflow-spark-cassandra-project.get_data_from_api scheduled__2024-02-27T09:55:08.149800+00:00 [queued]>
[2024-02-28T09:55:38.465+0000] {taskinstance.py:1159} INFO - Dependencies all met for dep_context=requeueable deps ti=<TaskInstance: airflow-spark-cassandra-project.get_data_from_api scheduled__2024-02-27T09:55:08.149800+00:00 [queued]>
[2024-02-28T09:55:38.467+0000] {taskinstance.py:1361} INFO - Starting attempt 1 of 1
[2024-02-28T09:55:38.513+0000] {taskinstance.py:1382} INFO - Executing <Task(PythonOperator): get_data_from_api> on 2024-02-27 09:55:08.149800+00:00
[2024-02-28T09:55:38.523+0000] {standard_task_runner.py:57} INFO - Started process 77 to run task
[2024-02-28T09:55:38.531+0000] {standard_task_runner.py:84} INFO - Running: ['***', 'tasks', 'run', '***-spark-cassandra-project', 'get_data_from_api', 'scheduled__2024-02-27T09:55:08.149800+00:00', '--job-id', '2', '--raw', '--subdir', 'DAGS_FOLDER/kafka_producer.py', '--cfg-path', '/tmp/tmp858tyo1n']
[2024-02-28T09:55:38.535+0000] {standard_task_runner.py:85} INFO - Job 2: Subtask get_data_from_api
[2024-02-28T09:55:38.648+0000] {logging_mixin.py:151} INFO - Changing /opt/***/logs/dag_id=***-spark-cassandra-project/run_id=scheduled__2024-02-27T09:55:08.149800+00:00/task_id=get_data_from_api permission to 509
[2024-02-28T09:55:38.661+0000] {task_command.py:415} INFO - Running <TaskInstance: airflow-spark-cassandra-project.get_data_from_api scheduled__2024-02-27T09:55:08.149800+00:00 [running]> on host 9c9784209291
[2024-02-28T09:55:38.824+0000] {taskinstance.py:1660} INFO - Exporting env vars: AIRFLOW_CTX_DAG_OWNER='Shayaan' AIRFLOW_CTX_DAG_ID='***-spark-cassandra-project' AIRFLOW_CTX_TASK_ID='get_data_from_api' AIRFLOW_CTX_EXECUTION_DATE='2024-02-27T09:55:08.149800+00:00' AIRFLOW_CTX_TRY_NUMBER='1' AIRFLOW_CTX_DAG_RUN_ID='scheduled__2024-02-27T09:55:08.149800+00:00'
[2024-02-28T09:55:38.954+0000] {conn.py:380} INFO - <BrokerConnection node_id=bootstrap-0 host=broker:29092 <connecting> [IPv4 ('172.20.0.10', 29092)]>: connecting to broker:29092 [('172.20.0.10', 29092) IPv4]
[2024-02-28T09:55:38.956+0000] {conn.py:1205} INFO - Probing node bootstrap-0 broker version
[2024-02-28T09:55:38.959+0000] {conn.py:410} INFO - <BrokerConnection node_id=bootstrap-0 host=broker:29092 <connecting> [IPv4 ('172.20.0.10', 29092)]>: Connection complete.
[2024-02-28T09:55:39.072+0000] {conn.py:1267} INFO - Broker version identified as 2.5.0
[2024-02-28T09:55:39.074+0000] {conn.py:1268} INFO - Set configuration api_version=(2, 5, 0) to skip auto check_version requests on startup
[2024-02-28T09:55:39.905+0000] {logging_mixin.py:151} INFO - <Response [200]>
[2024-02-28T09:55:39.914+0000] {conn.py:380} INFO - <BrokerConnection node_id=1 host=broker:29092 <connecting> [IPv4 ('172.20.0.10', 29092)]>: connecting to broker:29092 [('172.20.0.10', 29092) IPv4]
[2024-02-28T09:55:39.917+0000] {conn.py:410} INFO - <BrokerConnection node_id=1 host=broker:29092 <connecting> [IPv4 ('172.20.0.10', 29092)]>: Connection complete.
[2024-02-28T09:55:39.917+0000] {conn.py:919} INFO - <BrokerConnection node_id=bootstrap-0 host=broker:29092 <connected> [IPv4 ('172.20.0.10', 29092)]>: Closing connection. 
[2024-02-28T09:55:40.787+0000] {logging_mixin.py:151} INFO - <Response [200]>
[2024-02-28T09:55:41.355+0000] {logging_mixin.py:151} INFO - <Response [200]>
[2024-02-28T09:55:42.293+0000] {logging_mixin.py:151} INFO - <Response [200]>
[2024-02-28T09:55:43.149+0000] {logging_mixin.py:151} INFO - <Response [200]>
[2024-02-28T09:55:43.982+0000] {logging_mixin.py:151} INFO - <Response [200]>
[2024-02-28T09:55:44.894+0000] {logging_mixin.py:151} INFO - <Response [200]>
[2024-02-28T09:55:45.854+0000] {logging_mixin.py:151} INFO - <Response [200]>
[2024-02-28T09:55:46.769+0000] {logging_mixin.py:151} INFO - <Response [200]>
[2024-02-28T09:55:48.090+0000] {logging_mixin.py:151} INFO - <Response [200]>
[2024-02-28T09:55:49.001+0000] {logging_mixin.py:151} INFO - <Response [200]>
[2024-02-28T09:55:49.851+0000] {logging_mixin.py:151} INFO - <Response [200]>
[2024-02-28T09:55:51.046+0000] {logging_mixin.py:151} INFO - <Response [200]>
[2024-02-28T09:55:51.923+0000] {logging_mixin.py:151} INFO - <Response [200]>
[2024-02-28T09:55:53.420+0000] {logging_mixin.py:151} INFO - <Response [200]>
[2024-02-28T09:55:55.178+0000] {logging_mixin.py:151} INFO - <Response [200]>
[2024-02-28T09:55:56.123+0000] {logging_mixin.py:151} INFO - <Response [200]>
[2024-02-28T09:55:57.051+0000] {logging_mixin.py:151} INFO - <Response [200]>
[2024-02-28T09:55:58.577+0000] {logging_mixin.py:151} INFO - <Response [200]>
[2024-02-28T09:56:00.353+0000] {logging_mixin.py:151} INFO - <Response [200]>
[2024-02-28T09:56:01.399+0000] {logging_mixin.py:151} INFO - <Response [200]>
[2024-02-28T09:56:02.105+0000] {logging_mixin.py:151} INFO - <Response [200]>
[2024-02-28T09:56:02.785+0000] {logging_mixin.py:151} INFO - <Response [200]>
[2024-02-28T09:56:03.567+0000] {logging_mixin.py:151} INFO - <Response [200]>
[2024-02-28T09:56:04.697+0000] {logging_mixin.py:151} INFO - <Response [200]>
[2024-02-28T09:56:05.593+0000] {logging_mixin.py:151} INFO - <Response [200]>
[2024-02-28T09:56:06.344+0000] {logging_mixin.py:151} INFO - <Response [200]>
[2024-02-28T09:56:07.247+0000] {logging_mixin.py:151} INFO - <Response [200]>
[2024-02-28T09:56:07.795+0000] {logging_mixin.py:151} INFO - <Response [200]>
[2024-02-28T09:56:08.328+0000] {logging_mixin.py:151} INFO - <Response [200]>
[2024-02-28T09:56:09.270+0000] {logging_mixin.py:151} INFO - <Response [200]>
[2024-02-28T09:56:09.954+0000] {logging_mixin.py:151} INFO - <Response [200]>
[2024-02-28T09:56:10.656+0000] {logging_mixin.py:151} INFO - <Response [200]>
[2024-02-28T09:56:11.597+0000] {logging_mixin.py:151} INFO - <Response [200]>
[2024-02-28T09:56:12.156+0000] {logging_mixin.py:151} INFO - <Response [200]>
[2024-02-28T09:56:13.117+0000] {logging_mixin.py:151} INFO - <Response [200]>
[2024-02-28T09:56:14.058+0000] {logging_mixin.py:151} INFO - <Response [200]>
[2024-02-28T09:56:14.777+0000] {logging_mixin.py:151} INFO - <Response [200]>
[2024-02-28T09:56:15.676+0000] {logging_mixin.py:151} INFO - <Response [200]>
[2024-02-28T09:56:16.616+0000] {logging_mixin.py:151} INFO - <Response [200]>
[2024-02-28T09:56:17.558+0000] {logging_mixin.py:151} INFO - <Response [200]>
[2024-02-28T09:56:18.697+0000] {logging_mixin.py:151} INFO - <Response [200]>
[2024-02-28T09:56:19.909+0000] {logging_mixin.py:151} INFO - <Response [200]>
[2024-02-28T09:56:20.770+0000] {logging_mixin.py:151} INFO - <Response [200]>
[2024-02-28T09:56:21.718+0000] {logging_mixin.py:151} INFO - <Response [200]>
[2024-02-28T09:56:22.657+0000] {logging_mixin.py:151} INFO - <Response [200]>
[2024-02-28T09:56:23.600+0000] {logging_mixin.py:151} INFO - <Response [200]>
[2024-02-28T09:56:26.153+0000] {logging_mixin.py:151} INFO - <Response [200]>
[2024-02-28T09:56:27.065+0000] {logging_mixin.py:151} INFO - <Response [200]>
[2024-02-28T09:56:28.002+0000] {logging_mixin.py:151} INFO - <Response [200]>
[2024-02-28T09:56:28.561+0000] {logging_mixin.py:151} INFO - <Response [200]>
[2024-02-28T09:56:29.494+0000] {logging_mixin.py:151} INFO - <Response [200]>
[2024-02-28T09:56:31.303+0000] {logging_mixin.py:151} INFO - <Response [200]>
[2024-02-28T09:56:31.879+0000] {logging_mixin.py:151} INFO - <Response [200]>
[2024-02-28T09:56:32.757+0000] {logging_mixin.py:151} INFO - <Response [200]>
[2024-02-28T09:56:33.680+0000] {logging_mixin.py:151} INFO - <Response [200]>
[2024-02-28T09:56:34.595+0000] {logging_mixin.py:151} INFO - <Response [200]>
[2024-02-28T09:56:35.538+0000] {logging_mixin.py:151} INFO - <Response [200]>
[2024-02-28T09:56:36.413+0000] {logging_mixin.py:151} INFO - <Response [200]>
[2024-02-28T09:56:37.366+0000] {logging_mixin.py:151} INFO - <Response [200]>
[2024-02-28T09:56:38.240+0000] {logging_mixin.py:151} INFO - <Response [200]>
[2024-02-28T09:56:38.920+0000] {logging_mixin.py:151} INFO - <Response [200]>
[2024-02-28T09:56:39.746+0000] {logging_mixin.py:151} INFO - <Response [200]>
[2024-02-28T09:56:39.752+0000] {conn.py:919} INFO - <BrokerConnection node_id=1 host=broker:29092 <connected> [IPv4 ('172.20.0.10', 29092)]>: Closing connection. 
[2024-02-28T09:56:39.754+0000] {python.py:194} INFO - Done. Returned value was: None
[2024-02-28T09:56:39.777+0000] {taskinstance.py:1400} INFO - Marking task as SUCCESS. dag_id=***-spark-cassandra-project, task_id=get_data_from_api, execution_date=20240227T095508, start_date=20240228T095538, end_date=20240228T095639
[2024-02-28T09:56:39.842+0000] {local_task_job_runner.py:228} INFO - Task exited with return code 0
[2024-02-28T09:56:39.876+0000] {taskinstance.py:2784} INFO - 0 downstream tasks scheduled from follow-on schedule check
